   1               		.file	"main.c"
   2               	__SREG__ = 0x3f
   3               	__SP_H__ = 0x3e
   4               	__SP_L__ = 0x3d
   5               	__CCP__  = 0x34
   6               	__tmp_reg__ = 0
   7               	__zero_reg__ = 1
  15               	.Ltext0:
  16               		.section	.text.main,"ax",@progbits
  17               	.global	main
  19               	main:
  20               	.LFB2:
  21               	.LSM0:
  22               	/* prologue: function */
  23               	/* frame size = 0 */
  24               	.LSM1:
  25 0000 8FEF      		ldi r24,lo8(-1)
  26 0002 8AB9      		out 42-32,r24
  27               	.LSM2:
  28 0004 1BB8      		out 43-32,__zero_reg__
  29               	.LSM3:
  30 0006 5C9A      		sbi 43-32,4
  31               	.LSM4:
  32 0008 80E0      		ldi r24,lo8(0)
  33 000a 90E0      		ldi r25,hi8(0)
  34               	/* epilogue start */
  35 000c 0895      		ret
  36               	.LFE2:
  62               	.Letext0:
DEFINED SYMBOLS
                            *ABS*:00000000 main.c
/var/folders/5r/gvck_qs51tl_14r40dkc5skc0000gn/T//cc601Joe.s:2      *ABS*:0000003f __SREG__
/var/folders/5r/gvck_qs51tl_14r40dkc5skc0000gn/T//cc601Joe.s:3      *ABS*:0000003e __SP_H__
/var/folders/5r/gvck_qs51tl_14r40dkc5skc0000gn/T//cc601Joe.s:4      *ABS*:0000003d __SP_L__
/var/folders/5r/gvck_qs51tl_14r40dkc5skc0000gn/T//cc601Joe.s:5      *ABS*:00000034 __CCP__
/var/folders/5r/gvck_qs51tl_14r40dkc5skc0000gn/T//cc601Joe.s:6      *ABS*:00000000 __tmp_reg__
/var/folders/5r/gvck_qs51tl_14r40dkc5skc0000gn/T//cc601Joe.s:7      *ABS*:00000001 __zero_reg__
/var/folders/5r/gvck_qs51tl_14r40dkc5skc0000gn/T//cc601Joe.s:19     .text.main:00000000 main

NO UNDEFINED SYMBOLS
